<?xml version="1.0" encoding="utf-8"?><testsuites name="pytest tests"><testsuite name="pytest" errors="0" failures="1" skipped="0" tests="10" time="6.660" timestamp="2026-06-21T11:20:04.195584+00:00" hostname="agent-env-09fd51a5-eab2-48d3-b371-ba558ae59151"><testcase classname="backend.tests.test_iter4_cherry" name="test_mines_multiplier_table[5-1-expected_picks0]" time="1.023" /><testcase classname="backend.tests.test_iter4_cherry" name="test_mines_multiplier_table[7-1-expected_picks1]" time="0.673" /><testcase classname="backend.tests.test_iter4_cherry" name="test_mines_multiplier_table[5-2-expected_picks2]" time="0.533" /><testcase classname="backend.tests.test_iter4_cherry" name="test_mines_high_setups" time="1.975"><failure message="AssertionError: could not reveal for 5/24&#10;assert None">backend/tests/test_iter4_cherry.py:98: in test_mines_high_setups
    assert mults, f"could not reveal for {size}/{mines}"
E   AssertionError: could not reveal for 5/24
E   assert None</failure></testcase><testcase classname="backend.tests.test_iter4_cherry" name="test_crash_cashout_before_after_idempotent" time="0.669" /><testcase classname="backend.tests.test_iter4_cherry" name="test_crash_cashout_after_crash_returns_lost" time="0.196" /><testcase classname="backend.tests.test_iter4_cherry" name="test_crash_no_consecutive_duplicates" time="1.204" /><testcase classname="backend.tests.test_iter4_cherry" name="test_mines_start_invalid_size" time="0.093" /><testcase classname="backend.tests.test_iter4_cherry" name="test_admin_add_stars" time="0.108" /><testcase classname="backend.tests.test_iter4_cherry" name="test_slots_shape" time="0.111" /></testsuite></testsuites>