<?xml version="1.0" encoding="utf-8"?><testsuites name="pytest tests"><testsuite name="pytest" errors="0" failures="1" skipped="0" tests="4" time="298.866" timestamp="2026-06-19T14:11:26.529380+00:00" hostname="agent-env-09fd51a5-eab2-48d3-b371-ba558ae59151"><testcase classname="backend.tests.test_new_features.TestAdminAddStars" name="test_add_stars_success" time="0.422" /><testcase classname="backend.tests.test_new_features.TestCrashDistribution" name="test_distribution_and_no_repeats" time="297.154"><failure message="AssertionError: Found 2 consecutive repeats&#10;assert 2 == 0">backend/tests/test_new_features.py:185: in test_distribution_and_no_repeats
    assert repeats == 0, f"Found {repeats} consecutive repeats"
E   AssertionError: Found 2 consecutive repeats
E   assert 2 == 0</failure></testcase><testcase classname="backend.tests.test_new_features.TestCrashCashoutIdempotent" name="test_double_cashout" time="0.738" /><testcase classname="backend.tests.test_new_features.TestSlots" name="test_no_nan_and_deduct" time="0.405" /></testsuite></testsuites>