<?xml version="1.0" encoding="utf-8"?><testsuites name="pytest tests"><testsuite name="pytest" errors="0" failures="0" skipped="0" tests="25" time="173.173" timestamp="2026-06-19T15:50:46.685675+00:00" hostname="agent-env-09fd51a5-eab2-48d3-b371-ba558ae59151"><testcase classname="backend.tests.test_iter2.TestRoot" name="test_root_ok" time="0.303" /><testcase classname="backend.tests.test_iter2.TestUserShape" name="test_new_user_balances" time="0.137" /><testcase classname="backend.tests.test_iter2.TestAdminAddStarsBonus" name="test_add_stars_bonus_only" time="0.352" /><testcase classname="backend.tests.test_iter2.TestAdminAddStarsBonus" name="test_crash_real_spends_bonus_when_no_deposit" time="0.497" /><testcase classname="backend.tests.test_iter2.TestCrashIdempotent" name="test_already_cashed_no_double_pay" time="0.828" /><testcase classname="backend.tests.test_iter2.TestCrashMultRepeats" name="test_no_zero_no_consecutive_repeat" time="77.134" /><testcase classname="backend.tests.test_iter2.TestMinesFloor" name="test_low_risk_floor[5-1-1.02]" time="0.297" /><testcase classname="backend.tests.test_iter2.TestMinesFloor" name="test_low_risk_floor[5-2-1.04]" time="0.508" /><testcase classname="backend.tests.test_iter2.TestMinesFloor" name="test_low_risk_floor[5-3-1.06]" time="0.842" /><testcase classname="backend.tests.test_iter2.TestMinesFloor" name="test_low_risk_floor[7-1-1.02]" time="0.323" /><testcase classname="backend.tests.test_iter2.TestMinesFloor" name="test_low_risk_floor[7-2-1.04]" time="0.516" /><testcase classname="backend.tests.test_iter2.TestMinesFloor" name="test_low_risk_floor[7-3-1.06]" time="0.790" /><testcase classname="backend.tests.test_iter2.TestMinesFloor" name="test_high_risk_5_24" time="8.429" /><testcase classname="backend.tests.test_iter2.TestMinesFloor" name="test_high_risk_7_48" time="78.743" /><testcase classname="backend.tests.test_iter2.TestMinesSize" name="test_size_4_rejected" time="0.198" /><testcase classname="backend.tests.test_iter2.TestMinesSize" name="test_size_accepted[3]" time="0.191" /><testcase classname="backend.tests.test_iter2.TestMinesSize" name="test_size_accepted[5]" time="0.250" /><testcase classname="backend.tests.test_iter2.TestMinesSize" name="test_size_accepted[7]" time="0.210" /><testcase classname="backend.tests.test_iter2.TestAdminUsers" name="test_admin_users_has_dep_bonus" time="0.297" /><testcase classname="backend.tests.test_iter2.TestAdminUsers" name="test_admin_users_unauth" time="0.097" /><testcase classname="backend.tests.test_iter2.TestAdminUsers" name="test_admin_player_has_bonus" time="0.343" /><testcase classname="backend.tests.test_iter2.TestWithdrawal" name="test_real_withdraw_creates_verification_and_skips_email" time="1.218" /><testcase classname="backend.tests.test_iter2.TestWithdrawal" name="test_demo_withdraw_rejected" time="0.401" /><testcase classname="backend.tests.test_iter2.TestPreserve" name="test_cases_endpoint" time="0.107" /><testcase classname="backend.tests.test_iter2.TestPreserve" name="test_live_drops" time="0.096" /></testsuite></testsuites>