<?xml version="1.0" encoding="utf-8"?><testsuites name="pytest tests"><testsuite name="pytest" errors="0" failures="0" skipped="0" tests="3" time="2.076" timestamp="2026-06-19T16:12:05.416329+00:00" hostname="agent-env-09fd51a5-eab2-48d3-b371-ba558ae59151"><testcase classname="backend.tests.test_iter2.TestCrashIdempotent" name="test_already_cashed_no_double_pay" time="1.058" /><testcase classname="backend.tests.test_iter2.TestAdminAddStarsBonus" name="test_add_stars_bonus_only" time="0.391" /><testcase classname="backend.tests.test_iter2.TestAdminAddStarsBonus" name="test_crash_real_spends_bonus_when_no_deposit" time="0.402" /></testsuite></testsuites>